-------------------------------------------------------------------------------
Test set: com.assignment.rewards.points.integration.repository.UserRepositoryTest
-------------------------------------------------------------------------------
Tests run: 1, Failures: 0, Errors: 1, Skipped: 0, Time elapsed: 0.932 s <<< FAILURE! - in com.assignment.rewards.points.integration.repository.UserRepositoryTest
testFindCustomer  Time elapsed: 0.001 s  <<< ERROR!
java.lang.IllegalStateException: Failed to load ApplicationContext
Caused by: org.springframework.beans.factory.UnsatisfiedDependencyException: Error creating bean with name 'rewardPointsController' defined in file [C:\Java-learning\interview-projects\new\RewardsPointsApp\target\classes\com\assignment\rewards\points\controller\RewardPointsController.class]: Unsatisfied dependency expressed through constructor parameter 0; nested exception is org.springframework.beans.factory.UnsatisfiedDependencyException: Error creating bean with name 'rewardPointsServiceImpl' defined in file [C:\Java-learning\interview-projects\new\RewardsPointsApp\target\classes\com\assignment\rewards\points\service\RewardPointsServiceImpl.class]: Unsatisfied dependency expressed through constructor parameter 0; nested exception is org.springframework.beans.factory.NoSuchBeanDefinitionException: No qualifying bean of type 'com.assignment.rewards.points.repository.TransactionRepository' available: expected at least 1 bean which qualifies as autowire candidate. Dependency annotations: {}
Caused by: org.springframework.beans.factory.UnsatisfiedDependencyException: Error creating bean with name 'rewardPointsServiceImpl' defined in file [C:\Java-learning\interview-projects\new\RewardsPointsApp\target\classes\com\assignment\rewards\points\service\RewardPointsServiceImpl.class]: Unsatisfied dependency expressed through constructor parameter 0; nested exception is org.springframework.beans.factory.NoSuchBeanDefinitionException: No qualifying bean of type 'com.assignment.rewards.points.repository.TransactionRepository' available: expected at least 1 bean which qualifies as autowire candidate. Dependency annotations: {}
Caused by: org.springframework.beans.factory.NoSuchBeanDefinitionException: No qualifying bean of type 'com.assignment.rewards.points.repository.TransactionRepository' available: expected at least 1 bean which qualifies as autowire candidate. Dependency annotations: {}

