-------------------------------------------------------------------------------
Test set: com.mapledoum.pointscalc.controller.PointControllerTest
-------------------------------------------------------------------------------
Tests run: 1, Failures: 0, Errors: 1, Skipped: 0, Time elapsed: 0 s <<< FAILURE! - in com.mapledoum.pointscalc.controller.PointControllerTest
com.mapledoum.pointscalc.controller.PointControllerTest  Time elapsed: 0 s  <<< ERROR!
java.lang.NoClassDefFoundError: Lcom/mapledoum/pointscalc/repository/CustomerRepository;
Caused by: java.lang.ClassNotFoundException: com.mapledoum.pointscalc.repository.CustomerRepository

