-------------------------------------------------------------------------------
Test set: com.mapledoum.pointscalc.controller.RewardPointsControllerTest
-------------------------------------------------------------------------------
Tests run: 1, Failures: 0, Errors: 1, Skipped: 0, Time elapsed: 0.075 s <<< FAILURE! - in com.mapledoum.pointscalc.controller.RewardPointsControllerTest
com.mapledoum.pointscalc.controller.RewardPointsControllerTest  Time elapsed: 0.075 s  <<< ERROR!
java.lang.IllegalStateException: Unable to find a @SpringBootConfiguration, you need to use @ContextConfiguration or @SpringBootTest(classes=...) with your test

