-------------------------------------------------------------------------------
Test set: integration.com.mapledoum.pointscalc.service.RewardPointServiceTest
-------------------------------------------------------------------------------
Tests run: 2, Failures: 0, Errors: 2, Skipped: 0, Time elapsed: 1.698 s <<< FAILURE! - in integration.com.mapledoum.pointscalc.service.RewardPointServiceTest
testCalcPointsForMonth  Time elapsed: 0 s  <<< ERROR!
java.lang.IllegalStateException: Failed to load ApplicationContext
Caused by: org.springframework.beans.factory.UnsatisfiedDependencyException: Error creating bean with name 'rewardPointsController' defined in file [C:\Java-learning\interview-projects\new\RewardsPointsApp\target\classes\com\assignment\rewards\points\controller\RewardPointsController.class]: Unsatisfied dependency expressed through constructor parameter 0; nested exception is org.springframework.beans.factory.UnsatisfiedDependencyException: Error creating bean with name 'rewardPointsServiceImpl' defined in file [C:\Java-learning\interview-projects\new\RewardsPointsApp\target\classes\com\assignment\rewards\points\service\RewardPointsServiceImpl.class]: Unsatisfied dependency expressed through constructor parameter 0; nested exception is org.springframework.beans.factory.NoSuchBeanDefinitionException: No qualifying bean of type 'com.assignment.rewards.points.repository.TransactionRepository' available: expected at least 1 bean which qualifies as autowire candidate. Dependency annotations: {}
Caused by: org.springframework.beans.factory.UnsatisfiedDependencyException: Error creating bean with name 'rewardPointsServiceImpl' defined in file [C:\Java-learning\interview-projects\new\RewardsPointsApp\target\classes\com\assignment\rewards\points\service\RewardPointsServiceImpl.class]: Unsatisfied dependency expressed through constructor parameter 0; nested exception is org.springframework.beans.factory.NoSuchBeanDefinitionException: No qualifying bean of type 'com.assignment.rewards.points.repository.TransactionRepository' available: expected at least 1 bean which qualifies as autowire candidate. Dependency annotations: {}
Caused by: org.springframework.beans.factory.NoSuchBeanDefinitionException: No qualifying bean of type 'com.assignment.rewards.points.repository.TransactionRepository' available: expected at least 1 bean which qualifies as autowire candidate. Dependency annotations: {}

testCalcPointsTotalFromTo  Time elapsed: 0 s  <<< ERROR!
java.lang.IllegalStateException: Failed to load ApplicationContext
Caused by: org.springframework.beans.factory.UnsatisfiedDependencyException: Error creating bean with name 'rewardPointsController' defined in file [C:\Java-learning\interview-projects\new\RewardsPointsApp\target\classes\com\assignment\rewards\points\controller\RewardPointsController.class]: Unsatisfied dependency expressed through constructor parameter 0; nested exception is org.springframework.beans.factory.UnsatisfiedDependencyException: Error creating bean with name 'rewardPointsServiceImpl' defined in file [C:\Java-learning\interview-projects\new\RewardsPointsApp\target\classes\com\assignment\rewards\points\service\RewardPointsServiceImpl.class]: Unsatisfied dependency expressed through constructor parameter 0; nested exception is org.springframework.beans.factory.NoSuchBeanDefinitionException: No qualifying bean of type 'com.assignment.rewards.points.repository.TransactionRepository' available: expected at least 1 bean which qualifies as autowire candidate. Dependency annotations: {}
Caused by: org.springframework.beans.factory.UnsatisfiedDependencyException: Error creating bean with name 'rewardPointsServiceImpl' defined in file [C:\Java-learning\interview-projects\new\RewardsPointsApp\target\classes\com\assignment\rewards\points\service\RewardPointsServiceImpl.class]: Unsatisfied dependency expressed through constructor parameter 0; nested exception is org.springframework.beans.factory.NoSuchBeanDefinitionException: No qualifying bean of type 'com.assignment.rewards.points.repository.TransactionRepository' available: expected at least 1 bean which qualifies as autowire candidate. Dependency annotations: {}
Caused by: org.springframework.beans.factory.NoSuchBeanDefinitionException: No qualifying bean of type 'com.assignment.rewards.points.repository.TransactionRepository' available: expected at least 1 bean which qualifies as autowire candidate. Dependency annotations: {}

